This is pdfTeX, Version 3.14159265-2.6-1.40.20 (TeX Live 2019/Arch Linux) (preloaded format=latex 2020.3.31)  1 APR 2020 10:28
entering extended mode
 restricted \write18 enabled.
 %&-line parsing enabled.
**gvv_control_manual.tex
(./gvv_control_manual.tex
LaTeX2e <2019-10-01> patch level 1

! LaTeX Error: File `IEEEtran.cls' not found.

Type X to quit or <RETURN> to proceed,
or enter new name. (Default extension: cls)

Enter file name: 
! Emergency stop.
<read *> 
         
l.3 \usepackage
               {setspace}^^M
*** (cannot \read from terminal in nonstop modes)

 
Here is how much of TeX's memory you used:
 11 strings out of 492168
 255 string characters out of 6131584
 59211 words of memory out of 5000000
 4472 multiletter control sequences out of 15000+600000
 3640 words of font info for 14 fonts, out of 8000000 for 9000
 1141 hyphenation exceptions out of 8191
 11i,0n,8p,73b,10s stack positions out of 5000i,500n,10000p,200000b,80000s
No pages of output.
